<?xml version="1.0" encoding="UTF-8"?>
<!-- Generated by org.testng.reporters.JUnitReportReporter -->
<testsuite name="DataProvider" tests="2" time="0.011" ignored="0" failures="0" timestamp="21 Mar 2017 15:48:26 GMT" skipped="0" hostname="hms-PC" errors="0">
  <testcase name="setData" time="0.009" classname="DataProvider"/>
  <testcase name="setData" time="0.002" classname="DataProvider"/>
</testsuite> <!-- DataProvider -->
